1 -14.6089 889.886 -4.423e-05
2 -29.2213 1779.78 -5.129e-05
3 -43.8381 2669.67 -5.91356e-05
4 -58.4595 3559.56 -6.75204e-05
5 -73.0858 4449.45 -7.58578e-05
6 -78.6438 4691.16 -3.86082e-07
7 -84.2036 4932.86 -3.96356e-07
8 -89.764 5174.56 -4.05984e-07
9 -95.3249 5416.26 -4.14602e-07
10 -100.886 5657.96 -4.22035e-07
11 -106.046 5921.63 -6.34813e-07
12 -111.206 6185.3 -6.47829e-07
13 -116.367 6448.97 -6.57757e-07
14 -121.528 6712.65 -6.63775e-07
15 -126.691 6976.32 -6.6487e-07
16 -129.721 7313.23 -1.56004e-07
17 -132.752 7650.15 0.000220359
18 -135.784 7987.06 2.15248e-07
19 -138.816 8323.97 1.10272e-05
20 -141.849 8660.89 7.91042e-06
21 -151.294 9023.44 1.38675e-06
22 -160.74 9385.99 3.77454e-06
23 -170.188 9748.53 2.02918e-06
24 -179.639 10111.1 3.36296e-06
25 -189.091 10473.6 1.91399e-06
26 -194.502 10894.8 -2.29868e-06
27 -199.915 11315.9 -1.4443e-06
28 -205.33 11737.1 5.85031e-07
29 -210.748 12158.2 -7.23492e-07
30 -216.168 12579.3 1.45519e-11
31 -214.011 12934.6 6.54836e-11
32 -211.856 13289.8 -2.18279e-11
33 -209.703 13645 -5.82077e-11
34 -207.551 14000.2 -5.82077e-11
35 -205.4 14355.5 1.85619e-05
36 -212.787 14425 -5.19809e-07
37 -220.175 14494.6 0.00107819
38 -227.563 14564.2 1.23182e-07
39 -234.952 14633.8 1.86812e-06
40 -242.343 14703.4 -7.22997e-07
41 -240.802 15062.3 -7.34872e-10
42 -239.265 15421.1 -5.09317e-11
43 -237.733 15780 -3.93629e-09
44 -236.203 16138.9 5.76983e-09
45 -234.677 16497.8 8.14907e-10
46 -242.811 16549.1 0.000235631
47 -250.946 16600.3 -0.00127055
48 -259.082 16651.6 1.38731e-07
49 -267.219 16702.9 0.00110782
50 -275.358 16754.2 -9.45874e-11
51 -290.215 16856.7 -8.00355e-11
52 -305.074 16959.2 0.000173272
53 -319.94 17061.8 8.73115e-11
54 -334.811 17164.3 1.34198e-07
55 -349.69 17266.8 5.45697e-10
