1 0 -0.0139571 -0.026195 -0.0367517 -0.0456662 -0.0529784 -0.0587291 -0.0629598 -0.0657131 -0.0670321 -0.0669611 -0.0655447 -0.0628285 -0.0588589 -0.0536828 -0.0473478 -0.0399022 -0.0313949 -0.0218753 -0.0113935 0
2 0 -0.0286613 -0.0538417 -0.0756037 -0.0940133 -0.10914 -0.121058 -0.129844 -0.135579 -0.138345 -0.138232 -0.135328 -0.129728 -0.121527 -0.110826 -0.0977262 -0.0823324 -0.064752 -0.0450948 -0.0234727 0
3 0 -0.044181 -0.0830749 -0.116753 -0.145295 -0.168789 -0.187334 -0.201033 -0.210001 -0.214358 -0.214235 -0.209767 -0.201098 -0.18838 -0.17177 -0.151433 -0.127538 -0.100263 -0.0697888 -0.0363037 0
4 0 -0.0605937 -0.114047 -0.160422 -0.199799 -0.232271 -0.257949 -0.276958 -0.289439 -0.295546 -0.29545 -0.289335 -0.277396 -0.259844 -0.236902 -0.208806 -0.175801 -0.138144 -0.0961055 -0.0499616 0
5 0 -0.0779875 -0.146931 -0.206865 -0.257852 -0.299976 -0.33335 -0.358109 -0.374414 -0.38245 -0.382425 -0.37457 -0.359138 -0.336404 -0.306663 -0.27023 -0.22744 -0.178645 -0.124214 -0.064532 0
6 0 -0.0826858 -0.15579 -0.219343 -0.273403 -0.318056 -0.353417 -0.379631 -0.396866 -0.40532 -0.405217 -0.396807 -0.380362 -0.356183 -0.324589 -0.285925 -0.240556 -0.188866 -0.13126 -0.0681584 0
7 0 -0.0874606 -0.164799 -0.232037 -0.28923 -0.336464 -0.373857 -0.401559 -0.419747 -0.428633 -0.428455 -0.419481 -0.402006 -0.376353 -0.342871 -0.301931 -0.25393 -0.199287 -0.138442 -0.0718539 0
8 0 -0.0923143 -0.173961 -0.244954 -0.305343 -0.355212 -0.394681 -0.423905 -0.443072 -0.452403 -0.452152 -0.442607 -0.424083 -0.396929 -0.361519 -0.318256 -0.26757 -0.209914 -0.145765 -0.0756209 0
9 0 -0.097249 -0.183281 -0.2581 -0.321748 -0.374308 -0.4159 -0.446683 -0.466853 -0.476643 -0.476323 -0.466198 -0.446607 -0.417921 -0.380545 -0.334912 -0.281485 -0.220754 -0.153233 -0.0794615 0
10 0 -0.102267 -0.192764 -0.271482 -0.338456 -0.393764 -0.437526 -0.469904 -0.491103 -0.501367 -0.500981 -0.490268 -0.469589 -0.439343 -0.39996 -0.351908 -0.295683 -0.231812 -0.16085 -0.0833778 0
11 0 -0.107658 -0.202973 -0.285919 -0.356518 -0.414838 -0.460996 -0.495154 -0.517521 -0.52835 -0.52794 -0.516631 -0.494806 -0.462888 -0.421338 -0.370655 -0.311371 -0.244053 -0.169297 -0.0877294 0
12 0 -0.113153 -0.213384 -0.300648 -0.374953 -0.436356 -0.484969 -0.520954 -0.544521 -0.555935 -0.555505 -0.543591 -0.520595 -0.486969 -0.443201 -0.389826 -0.327413 -0.256568 -0.177932 -0.0921758 0
13 0 -0.118752 -0.224001 -0.315677 -0.393773 -0.458333 -0.509463 -0.547322 -0.572124 -0.584141 -0.583697 -0.571166 -0.546976 -0.511602 -0.465566 -0.409436 -0.343819 -0.269364 -0.186758 -0.09672 0
14 0 -0.124462 -0.234831 -0.331017 -0.41299 -0.480784 -0.534494 -0.574277 -0.60035 -0.612991 -0.612536 -0.599379 -0.573968 -0.536807 -0.48845 -0.429498 -0.360602 -0.282453 -0.195784 -0.101365 0
15 0 -0.130284 -0.245882 -0.346677 -0.432619 -0.503725 -0.560081 -0.60184 -0.62922 -0.642505 -0.642045 -0.62825 -0.601593 -0.562604 -0.51187 -0.45003 -0.377776 -0.295844 -0.205016 -0.106116 0
16 0 -0.138465 -0.261501 -0.368938 -0.460681 -0.536709 -0.597079 -0.641924 -0.671449 -0.685933 -0.685726 -0.67125 -0.642994 -0.601514 -0.547428 -0.481415 -0.404212 -0.316608 -0.219441 -0.113596 0
17 0 -0.147045 -0.277889 -0.392296 -0.490118 -0.571292 -0.635843 -0.68388 -0.715601 -0.731287 -0.731302 -0.716079 -0.686124 -0.642021 -0.584421 -0.514045 -0.431678 -0.338165 -0.234405 -0.121351 0
18 0 -0.155942 -0.294891 -0.41655 -0.520712 -0.607267 -0.676201 -0.727598 -0.761635 -0.778585 -0.778816 -0.762783 -0.73103 -0.68417 -0.62289 -0.547957 -0.460205 -0.36054 -0.249926 -0.129388 0
19 0 -0.16513 -0.312468 -0.441643 -0.552388 -0.644542 -0.718049 -0.77296 -0.809432 -0.827727 -0.828212 -0.811354 -0.77772 -0.727972 -0.662849 -0.583163 -0.489805 -0.383742 -0.266011 -0.137711 0
20 0 -0.174612 -0.33062 -0.467577 -0.585149 -0.683118 -0.761383 -0.819958 -0.858979 -0.878693 -0.879467 -0.861777 -0.826212 -0.773466 -0.704333 -0.619696 -0.520505 -0.407793 -0.282674 -0.146327 0
21 0 -0.184068 -0.348605 -0.493102 -0.617175 -0.720566 -0.803149 -0.864923 -0.906021 -0.926703 -0.927355 -0.90849 -0.870742 -0.814861 -0.741711 -0.652262 -0.547563 -0.42874 -0.297003 -0.153637 0
22 0 -0.193829 -0.367186 -0.519494 -0.650314 -0.759345 -0.846427 -0.911544 -0.954823 -0.976532 -0.977081 -0.957015 -0.917016 -0.857894 -0.780582 -0.686133 -0.575702 -0.450519 -0.311898 -0.161234 0
23 0 -0.203907 -0.386389 -0.546794 -0.684619 -0.799515 -0.891287 -0.959897 -1.00546 -1.02826 -1.02873 -1.00743 -0.965112 -0.902634 -0.821007 -0.721367 -0.604972 -0.47317 -0.327386 -0.169131 0
24 0 -0.214319 -0.406246 -0.575047 -0.72015 -0.841149 -0.937811 -1.01007 -1.05804 -1.082 -1.08239 -1.05984 -1.01512 -0.949163 -0.863058 -0.758027 -0.635429 -0.496736 -0.343496 -0.177343 0
25 0 -0.225082 -0.426791 -0.604303 -0.75697 -0.884325 -0.986087 -1.06216 -1.11265 -1.13783 -1.13818 -1.11433 -1.06713 -0.997574 -0.906818 -0.796184 -0.667134 -0.521265 -0.360261 -0.185887 0
26 0 -0.23644 -0.448613 -0.635571 -0.796557 -0.931011 -1.03858 -1.11911 -1.17267 -1.19951 -1.20011 -1.17513 -1.12545 -1.05211 -0.956358 -0.839594 -0.703388 -0.549454 -0.379624 -0.195806 0
27 0 -0.248279 -0.471381 -0.668221 -0.837923 -0.979829 -1.0935 -1.17872 -1.23552 -1.26412 -1.265 -1.23885 -1.18657 -1.10928 -1.00829 -0.885103 -0.741393 -0.579001 -0.399913 -0.206193 0
28 0 -0.260632 -0.495159 -0.702347 -0.881193 -1.03093 -1.15102 -1.24118 -1.3014 -1.33187 -1.33307 -1.3057 -1.25071 -1.16927 -1.06279 -0.932853 -0.781264 -0.609998 -0.421189 -0.217082 0
29 0 -0.273536 -0.520019 -0.738056 -0.926501 -1.08446 -1.21132 -1.3067 -1.37053 -1.40299 -1.40454 -1.3759 -1.31807 -1.23229 -1.12003 -0.983003 -0.823136 -0.642544 -0.443524 -0.228507 0
30 0 -0.287058 -0.546094 -0.775544 -0.974106 -1.14076 -1.27476 -1.37567 -1.44332 -1.47788 -1.47981 -1.44985 -1.38903 -1.29866 -1.18032 -1.03582 -0.867223 -0.676805 -0.46703 -0.240526 0
31 0 -0.297295 -0.566091 -0.804653 -1.01153 -1.18554 -1.32576 -1.43154 -1.50262 -1.53911 -1.5415 -1.51064 -1.44759 -1.35369 -1.23057 -1.08013 -0.904517 -0.706106 -0.48749 -0.251437 0
32 0 -0.308698 -0.5884 -0.837185 -1.05342 -1.2357 -1.38286 -1.49411 -1.5691 -1.60785 -1.61083 -1.57888 -1.51324 -1.41535 -1.28689 -1.12985 -0.946475 -0.739263 -0.51094 -0.2635 0
33 0 -0.321175 -0.612838 -0.872865 -1.09939 -1.29071 -1.44549 -1.56279 -1.64215 -1.6835 -1.68727 -1.65427 -1.58578 -1.48345 -1.3491 -1.18482 -0.99296 -0.776149 -0.536453 -0.276585 0
34 0 -0.334725 -0.639401 -0.911679 -1.14938 -1.35054 -1.51363 -1.63757 -1.72175 -1.76603 -1.77076 -1.73675 -1.66529 -1.55812 -1.41731 -1.24511 -1.044 -0.816345 -0.564094 -0.290747 0
35 0 -0.349413 -0.66822 -0.953799 -1.20362 -1.41549 -1.58764 -1.71884 -1.80833 -1.85588 -1.86176 -1.82678 -1.75223 -1.63991 -1.49206 -1.31122 -1.10003 -0.859931 -0.594038 -0.306077 0
36 0 -0.354493 -0.677952 -0.967676 -1.22106 -1.43585 -1.61031 -1.74315 -1.83364 -1.88156 -1.8872 -1.8514 -1.77551 -1.66136 -1.51128 -1.32789 -1.11384 -0.870359 -0.600978 -0.309513 0
37 0 -0.359718 -0.687944 -0.981911 -1.23894 -1.45675 -1.63357 -1.76812 -1.85967 -1.90798 -1.91341 -1.87681 -1.79957 -1.68358 -1.53123 -1.34525 -1.12794 -0.881004 -0.608065 -0.313022 0
38 0 -0.365325 -0.698409 -0.996691 -1.25742 -1.47831 -1.65754 -1.79383 -1.88644 -1.93516 -1.94036 -1.90293 -1.8243 -1.70643 -1.55176 -1.36311 -1.14244 -0.891959 -0.615361 -0.316638 0
39 0 -0.371018 -0.709031 -1.01169 -1.27618 -1.50018 -1.68186 -1.81992 -1.91362 -1.96276 -1.96774 -1.92947 -1.84945 -1.72967 -1.57264 -1.38128 -1.1572 -0.903111 -0.62279 -0.32032 0
40 0 -0.376799 -0.719811 -1.0269 -1.29521 -1.52238 -1.70654 -1.8464 -1.94121 -1.99079 -1.99555 -1.95644 -1.875 -1.75329 -1.59388 -1.39977 -1.17222 -0.914461 -0.630353 -0.32407 0
41 0 -0.396534 -0.757192 -1.08029 -1.36319 -1.60323 -1.7983 -1.9469 -2.0481 -2.10161 -2.10776 -2.06749 -1.98236 -1.85449 -1.68658 -1.48112 -1.24 -0.967027 -0.666357 -0.342445 0
42 0 -0.418116 -0.799487 -1.14009 -1.43894 -1.69307 -1.90009 -2.05825 -2.16645 -2.22426 -2.23193 -2.19038 -2.10118 -1.96656 -1.78934 -1.57102 -1.31482 -1.02501 -0.706035 -0.362679 0
43 0 -0.441584 -0.845493 -1.20694 -1.52314 -1.79258 -2.01256 -2.18108 -2.29684 -2.35932 -2.36865 -2.32569 -2.23204 -2.09002 -1.90254 -1.67012 -1.39728 -1.08886 -0.749694 -0.384926 0
44 0 -0.464645 -0.890654 -1.27272 -1.60613 -1.89027 -2.12257 -2.30095 -2.42417 -2.49166 -2.50345 -2.46023 -2.36334 -2.21502 -2.01732 -1.77167 -1.48289 -1.15636 -0.797404 -0.410704 0
45 0 -0.48853 -0.937423 -1.34082 -1.69351 -1.99274 -2.23781 -2.42664 -2.55785 -2.6307 -2.64516 -2.60188 -2.50217 -2.34803 -2.14038 -1.88154 -1.57663 -1.23149 -0.851004 -0.43809 0
46 0 -0.494756 -0.949266 -1.35758 -1.71443 -2.01689 -2.26455 -2.45535 -2.58788 -2.66144 -2.67599 -2.63221 -2.53146 -2.37577 -2.16562 -1.90376 -1.59542 -1.24654 -0.861061 -0.443084 0
47 0 -0.500974 -0.96109 -1.37431 -1.73531 -2.041 -2.29127 -2.48404 -2.61791 -2.69217 -2.70681 -2.66254 -2.56075 -2.40351 -2.19087 -1.926 -1.61423 -1.26161 -0.871136 -0.448086 0
48 0 -0.507198 -0.97292 -1.39105 -1.75618 -2.06512 -2.31802 -2.51278 -2.64799 -2.72296 -2.73771 -2.69294 -2.59011 -2.43132 -2.2162 -1.94832 -1.63311 -1.27676 -0.881256 -0.453112 0
49 0 -0.513473 -0.98485 -1.40793 -1.77724 -2.08949 -2.34506 -2.54185 -2.67845 -2.75417 -2.76904 -2.7238 -2.61993 -2.45959 -2.24199 -1.9711 -1.65245 -1.29201 -0.891453 -0.458176 0
50 0 -0.520446 -0.997651 -1.42584 -1.79948 -2.11516 -2.37352 -2.57244 -2.71051 -2.78703 -2.80205 -2.75635 -2.65144 -2.48951 -2.26939 -1.9954 -1.6732 -1.30778 -0.901994 -0.463413 0
51 0 -0.529726 -1.01426 -1.44878 -1.8277 -2.14754 -2.40921 -2.61056 -2.7502 -2.82745 -2.84239 -2.79585 -2.68942 -2.52498 -2.30151 -2.02363 -1.69715 -1.32559 -0.913622 -0.469031 0
52 0 -0.539157 -1.03114 -1.47209 -1.85639 -2.1805 -2.44557 -2.64943 -2.7907 -2.86872 -2.88361 -2.83625 -2.72829 -2.56109 -2.33423 -2.0524 -1.72157 -1.34377 -0.925497 -0.474773 0
53 0 -0.549392 -1.04948 -1.49749 -1.88781 -2.21674 -2.4857 -2.69254 -2.83583 -2.91495 -2.93004 -2.88206 -2.77268 -2.60276 -2.37249 -2.08659 -1.75117 -1.36676 -0.941742 -0.484372 0
54 0 -0.560395 -1.06921 -1.5249 -1.92184 -2.25611 -2.52945 -2.73966 -2.88535 -2.96587 -2.98142 -2.93297 -2.8223 -2.64968 -2.41595 -2.12587 -1.78399 -1.39264 -0.960496 -0.496059 0
55 0 -0.572747 -1.09142 -1.55587 -1.96049 -2.30117 -2.57972 -2.79407 -2.94279 -3.02527 -3.0417 -2.99311 -2.88132 -2.70609 -2.46885 -2.17438 -1.82561 -1.42671 -0.986697 -0.509034 0
