1 0.0030927 -0.00223999
2 0.00629164 -0.00458176
3 0.00960695 -0.00703524
4 0.0130501 -0.00961177
5 0.0166343 -0.0123242
6 0.0176089 -0.0129676
7 0.0185945 -0.0136214
8 0.0195914 -0.0142859
9 0.0205999 -0.0149615
10 0.0216204 -0.0156486
11 0.0227017 -0.0164193
12 0.0237979 -0.0172043
13 0.0249094 -0.018004
14 0.0260367 -0.0188189
15 0.0271803 -0.0196495
16 0.0287407 -0.0210206
17 0.0303678 -0.0224349
18 0.0320462 -0.0238935
19 0.0337693 -0.0253967
20 0.0355368 -0.0269453
21 0.0373471 -0.0281508
22 0.0392023 -0.0294006
23 0.0411044 -0.0306968
24 0.043056 -0.0320415
25 0.0450596 -0.0334372
26 0.0470884 -0.0351022
27 0.0491892 -0.0368389
28 0.0513669 -0.0386519
29 0.053627 -0.0405468
30 0.0559807 -0.0425328
31 0.057651 -0.0442545
32 0.0595183 -0.0461313
33 0.0615643 -0.0481592
34 0.0637869 -0.0503448
35 0.066196 -0.0527003
36 0.0671527 -0.0531143
37 0.0681295 -0.0535394
38 0.0691226 -0.0539808
39 0.0701283 -0.0544321
40 0.0711467 -0.0548934
41 0.0740686 -0.0576834
42 0.0772599 -0.0607467
43 0.0807229 -0.064104
44 0.0840803 -0.0673846
45 0.0875329 -0.0707634
46 0.0886141 -0.0712187
47 0.0896929 -0.0716736
48 0.0907721 -0.0721298
49 0.0918588 -0.0725897
50 0.0929749 -0.0730722
51 0.0944056 -0.0733648
52 0.0958527 -0.0736708
53 0.0974052 -0.0740522
54 0.0990573 -0.0744925
55 0.100889 -0.0750514
