1 -0.0143058
2 -0.0288839
3 -0.0437869
4 -0.059078
5 -0.0748337
6 -0.0791651
7 -0.083534
8 -0.0879423
9 -0.0923921
10 -0.0968856
11 -0.101825
12 -0.106819
13 -0.111873
14 -0.116989
15 -0.122171
16 -0.129069
17 -0.136141
18 -0.143398
19 -0.15085
20 -0.158513
21 -0.166565
22 -0.174828
23 -0.183322
24 -0.192067
25 -0.201085
26 -0.211567
27 -0.222437
28 -0.233739
29 -0.245524
30 -0.257858
31 -0.26832
32 -0.279597
33 -0.291725
34 -0.304783
35 -0.318908
36 -0.322497
37 -0.326194
38 -0.330008
39 -0.333904
40 -0.337885
41 -0.355436
42 -0.375023
43 -0.396953
44 -0.419784
45 -0.444663
46 -0.449831
47 -0.45505
48 -0.46033
49 -0.465723
50 -0.471433
51 -0.479122
52 -0.487024
53 -0.495891
54 -0.505673
55 -0.517125
