1 14.6072 0.0036398 3.47621e-05
2 29.2194 0.00471582 4.13593e-05
3 43.8359 0.00613813 4.91222e-05
4 58.4571 0.00802791 5.81067e-05
5 73.0831 0.0105534 6.82158e-05
6 78.6438 4.44676e-05 3.31878e-07
7 84.2036 4.79563e-05 3.47408e-07
8 89.764 5.1754e-05 3.63385e-07
9 95.3249 5.58714e-05 3.79709e-07
10 100.886 6.03441e-05 3.96301e-07
11 106.046 9.13484e-05 5.90862e-07
12 111.206 9.94229e-05 6.18093e-07
13 116.367 0.000108255 6.45165e-07
14 121.528 0.000117927 6.71867e-07
15 126.691 0.000128538 6.97626e-07
16 129.721 -1.1962e-05 2.862e-08
17 132.752 -2.75046e-05 -1.2135e-07
18 135.784 -3.9225e-05 -1.66081e-07
19 138.816 -7.68293e-05 -5.98164e-06
20 141.849 0.000548621 -3.30501e-06
21 151.294 0.000546232 2.63554e-06
22 160.74 0.000539204 1.98832e-06
23 170.188 0.000894442 2.94668e-06
24 179.639 0.00106543 2.89357e-06
25 189.091 0.00153348 3.73663e-06
26 194.502 0.00245094 6.84897e-06
27 199.915 0.00297077 6.93244e-06
28 205.33 0.00369977 6.49334e-06
29 210.748 4.95697e-05 5.29635e-07
30 216.168 2.56478e-10 2.36469e-11
31 214.011 4.21956e-07 1.01863e-10
32 211.856 4.1e-09 2.91038e-11
33 209.703 1.30221e-08 2.91038e-11
34 207.551 4.19823e-09 4.72937e-11
35 205.4 -0.00606779 -0.000219009
36 212.787 -0.000105752 1.04793e-05
37 220.175 -5.63809e-05 2.20931e-07
38 227.563 0.000317599 1.07393e-07
39 234.953 0.000244953 -1.66989e-05
40 242.343 0.000433204 2.71491e-07
41 240.802 2.26581e-07 6.18456e-10
42 239.265 7.18865e-09 1.09139e-11
43 237.733 2.40057e-06 4.58749e-09
44 236.203 1.58924e-05 1.70694e-08
45 234.677 2.57228e-06 9.92077e-09
46 242.811 -2.07039e-06 -5.533e-08
47 250.946 0.00179317 4.84135e-07
48 259.082 -4.03245e-05 -3.11702e-08
49 267.219 -0.00127222 -6.34187e-07
50 275.358 2.65572e-09 1.12777e-10
51 290.215 7.42148e-10 -3.27418e-11
52 305.074 -7.4322e-06 4.33211e-08
53 319.94 3.19323e-06 7.49424e-10
54 334.81 -0.000181944 7.1286e-07
55 349.69 1.90254e-06 -7.54881e-10
